Apr 02, 2026 10:10:24 AM tradelog.ui.Ui showStrategyShortcuts
INFO: Displaying 10 strategy shortcuts.
Apr 02, 2026 10:10:24 AM tradelog.ui.Ui showWelcome
INFO: Welcome message displayed.
Apr 02, 2026 10:10:50 AM tradelog.ui.Ui showError
WARNING: Error displayed to user: Command cannot be empty.
Apr 02, 2026 10:10:51 AM tradelog.ui.Ui showError
WARNING: Error displayed to user: Command cannot be empty.
Apr 02, 2026 10:10:51 AM tradelog.ui.Ui showError
WARNING: Error displayed to user: Command cannot be empty.
Apr 02, 2026 10:10:51 AM tradelog.ui.Ui showError
WARNING: Error displayed to user: Command cannot be empty.
Apr 02, 2026 10:10:51 AM tradelog.ui.Ui showError
WARNING: Error displayed to user: Command cannot be empty.
Apr 02, 2026 10:10:51 AM tradelog.ui.Ui showError
WARNING: Error displayed to user: Command cannot be empty.
Apr 02, 2026 10:10:51 AM tradelog.ui.Ui showError
WARNING: Error displayed to user: Command cannot be empty.
Apr 02, 2026 10:10:51 AM tradelog.ui.Ui showError
WARNING: Error displayed to user: Command cannot be empty.
Apr 02, 2026 10:10:51 AM tradelog.ui.Ui showError
WARNING: Error displayed to user: Command cannot be empty.
Apr 02, 2026 10:10:51 AM tradelog.ui.Ui showError
WARNING: Error displayed to user: Command cannot be empty.
Apr 02, 2026 10:10:51 AM tradelog.ui.Ui showError
WARNING: Error displayed to user: Command cannot be empty.
Apr 02, 2026 10:10:51 AM tradelog.ui.Ui showError
WARNING: Error displayed to user: Command cannot be empty.
Apr 02, 2026 10:10:51 AM tradelog.ui.Ui showError
WARNING: Error displayed to user: Command cannot be empty.
Apr 02, 2026 10:10:51 AM tradelog.ui.Ui showError
WARNING: Error displayed to user: Command cannot be empty.
Apr 02, 2026 10:10:51 AM tradelog.ui.Ui showError
WARNING: Error displayed to user: Command cannot be empty.
Apr 02, 2026 10:10:51 AM tradelog.ui.Ui showError
WARNING: Error displayed to user: Command cannot be empty.
Apr 02, 2026 10:10:51 AM tradelog.ui.Ui showError
WARNING: Error displayed to user: Command cannot be empty.
Apr 02, 2026 10:10:51 AM tradelog.ui.Ui showError
WARNING: Error displayed to user: Command cannot be empty.
Apr 02, 2026 10:10:51 AM tradelog.ui.Ui showError
WARNING: Error displayed to user: Command cannot be empty.
Apr 02, 2026 10:10:51 AM tradelog.ui.Ui showError
WARNING: Error displayed to user: Command cannot be empty.
Apr 02, 2026 10:10:51 AM tradelog.ui.Ui showError
WARNING: Error displayed to user: Command cannot be empty.
Apr 02, 2026 10:10:51 AM tradelog.ui.Ui showError
WARNING: Error displayed to user: Command cannot be empty.
Apr 02, 2026 10:10:51 AM tradelog.ui.Ui showError
WARNING: Error displayed to user: Command cannot be empty.
Apr 02, 2026 10:10:51 AM tradelog.ui.Ui showError
WARNING: Error displayed to user: Command cannot be empty.
Apr 02, 2026 10:10:51 AM tradelog.ui.Ui showError
WARNING: Error displayed to user: Command cannot be empty.
Apr 02, 2026 10:10:51 AM tradelog.ui.Ui showError
WARNING: Error displayed to user: Command cannot be empty.
Apr 02, 2026 10:10:51 AM tradelog.ui.Ui showError
WARNING: Error displayed to user: Command cannot be empty.
Apr 02, 2026 10:10:51 AM tradelog.ui.Ui showError
WARNING: Error displayed to user: Command cannot be empty.
Apr 02, 2026 10:10:51 AM tradelog.ui.Ui showError
WARNING: Error displayed to user: Command cannot be empty.
Apr 02, 2026 10:10:51 AM tradelog.ui.Ui showError
WARNING: Error displayed to user: Command cannot be empty.
Apr 02, 2026 10:10:51 AM tradelog.ui.Ui showError
WARNING: Error displayed to user: Command cannot be empty.
Apr 02, 2026 10:10:51 AM tradelog.ui.Ui showError
WARNING: Error displayed to user: Command cannot be empty.
Apr 02, 2026 10:10:51 AM tradelog.ui.Ui showError
WARNING: Error displayed to user: Command cannot be empty.
Apr 02, 2026 10:10:51 AM tradelog.ui.Ui showError
WARNING: Error displayed to user: Command cannot be empty.
Apr 02, 2026 10:10:51 AM tradelog.ui.Ui showError
WARNING: Error displayed to user: Command cannot be empty.
Apr 02, 2026 10:10:51 AM tradelog.ui.Ui showError
WARNING: Error displayed to user: Command cannot be empty.
Apr 02, 2026 10:10:51 AM tradelog.ui.Ui showError
WARNING: Error displayed to user: Command cannot be empty.
Apr 02, 2026 10:10:51 AM tradelog.ui.Ui showError
WARNING: Error displayed to user: Command cannot be empty.
Apr 02, 2026 10:10:51 AM tradelog.ui.Ui showError
WARNING: Error displayed to user: Command cannot be empty.
Apr 02, 2026 10:10:51 AM tradelog.ui.Ui showError
WARNING: Error displayed to user: Command cannot be empty.
Apr 02, 2026 10:10:51 AM tradelog.ui.Ui showError
WARNING: Error displayed to user: Command cannot be empty.
Apr 02, 2026 10:10:51 AM tradelog.ui.Ui showError
WARNING: Error displayed to user: Command cannot be empty.
Apr 02, 2026 10:10:51 AM tradelog.ui.Ui showError
WARNING: Error displayed to user: Command cannot be empty.
Apr 02, 2026 10:10:51 AM tradelog.ui.Ui showError
WARNING: Error displayed to user: Command cannot be empty.
Apr 02, 2026 10:10:51 AM tradelog.ui.Ui showError
WARNING: Error displayed to user: Command cannot be empty.
Apr 02, 2026 10:10:51 AM tradelog.ui.Ui showError
WARNING: Error displayed to user: Command cannot be empty.
Apr 02, 2026 10:10:51 AM tradelog.ui.Ui showError
WARNING: Error displayed to user: Command cannot be empty.
Apr 02, 2026 10:10:51 AM tradelog.ui.Ui showError
WARNING: Error displayed to user: Command cannot be empty.
Apr 02, 2026 10:10:51 AM tradelog.ui.Ui showError
WARNING: Error displayed to user: Command cannot be empty.
Apr 02, 2026 10:10:51 AM tradelog.ui.Ui showError
WARNING: Error displayed to user: Command cannot be empty.
Apr 02, 2026 10:10:51 AM tradelog.ui.Ui showError
WARNING: Error displayed to user: Command cannot be empty.
Apr 02, 2026 10:10:51 AM tradelog.ui.Ui showError
WARNING: Error displayed to user: Command cannot be empty.
Apr 02, 2026 10:10:51 AM tradelog.ui.Ui showError
WARNING: Error displayed to user: Command cannot be empty.
Apr 02, 2026 10:10:51 AM tradelog.ui.Ui showError
WARNING: Error displayed to user: Command cannot be empty.
Apr 02, 2026 10:10:51 AM tradelog.ui.Ui showError
WARNING: Error displayed to user: Command cannot be empty.
Apr 02, 2026 10:10:51 AM tradelog.ui.Ui showError
WARNING: Error displayed to user: Command cannot be empty.
Apr 02, 2026 10:10:51 AM tradelog.ui.Ui showError
WARNING: Error displayed to user: Command cannot be empty.
Apr 02, 2026 10:10:51 AM tradelog.ui.Ui showError
WARNING: Error displayed to user: Command cannot be empty.
Apr 02, 2026 10:10:51 AM tradelog.ui.Ui showError
WARNING: Error displayed to user: Command cannot be empty.
Apr 02, 2026 10:10:51 AM tradelog.ui.Ui showError
WARNING: Error displayed to user: Command cannot be empty.
Apr 02, 2026 10:10:51 AM tradelog.ui.Ui showError
WARNING: Error displayed to user: Command cannot be empty.
Apr 02, 2026 10:10:51 AM tradelog.ui.Ui showError
WARNING: Error displayed to user: Command cannot be empty.
Apr 02, 2026 10:10:51 AM tradelog.ui.Ui showError
WARNING: Error displayed to user: Command cannot be empty.
Apr 02, 2026 10:10:51 AM tradelog.ui.Ui showError
WARNING: Error displayed to user: Command cannot be empty.
Apr 02, 2026 10:10:51 AM tradelog.ui.Ui showError
WARNING: Error displayed to user: Command cannot be empty.
Apr 02, 2026 10:10:51 AM tradelog.ui.Ui showError
WARNING: Error displayed to user: Command cannot be empty.
Apr 02, 2026 10:10:51 AM tradelog.ui.Ui showError
WARNING: Error displayed to user: Command cannot be empty.
Apr 02, 2026 10:10:51 AM tradelog.ui.Ui showError
WARNING: Error displayed to user: Command cannot be empty.
Apr 02, 2026 10:10:51 AM tradelog.ui.Ui showError
WARNING: Error displayed to user: Command cannot be empty.
Apr 02, 2026 10:10:51 AM tradelog.ui.Ui showError
WARNING: Error displayed to user: Command cannot be empty.
Apr 02, 2026 10:10:51 AM tradelog.ui.Ui showError
WARNING: Error displayed to user: Command cannot be empty.
Apr 02, 2026 10:10:51 AM tradelog.ui.Ui showError
WARNING: Error displayed to user: Command cannot be empty.
Apr 02, 2026 10:10:51 AM tradelog.ui.Ui showError
WARNING: Error displayed to user: Command cannot be empty.
Apr 02, 2026 10:10:51 AM tradelog.ui.Ui showError
WARNING: Error displayed to user: Command cannot be empty.
Apr 02, 2026 10:10:51 AM tradelog.ui.Ui showError
WARNING: Error displayed to user: Command cannot be empty.
Apr 02, 2026 10:10:51 AM tradelog.ui.Ui showError
WARNING: Error displayed to user: Command cannot be empty.
Apr 02, 2026 10:10:51 AM tradelog.ui.Ui showError
WARNING: Error displayed to user: Command cannot be empty.
Apr 02, 2026 10:10:51 AM tradelog.ui.Ui showError
WARNING: Error displayed to user: Command cannot be empty.
Apr 02, 2026 10:10:51 AM tradelog.ui.Ui showError
WARNING: Error displayed to user: Command cannot be empty.
Apr 02, 2026 10:10:51 AM tradelog.ui.Ui showError
WARNING: Error displayed to user: Command cannot be empty.
Apr 02, 2026 10:10:51 AM tradelog.ui.Ui showError
WARNING: Error displayed to user: Command cannot be empty.
Apr 02, 2026 10:10:51 AM tradelog.ui.Ui showError
WARNING: Error displayed to user: Command cannot be empty.
Apr 02, 2026 10:10:51 AM tradelog.ui.Ui showError
WARNING: Error displayed to user: Command cannot be empty.
Apr 02, 2026 10:10:51 AM tradelog.ui.Ui showError
WARNING: Error displayed to user: Command cannot be empty.
Apr 02, 2026 10:10:51 AM tradelog.ui.Ui showError
WARNING: Error displayed to user: Command cannot be empty.
Apr 02, 2026 10:10:51 AM tradelog.ui.Ui showError
WARNING: Error displayed to user: Command cannot be empty.
Apr 02, 2026 10:10:51 AM tradelog.ui.Ui showError
WARNING: Error displayed to user: Command cannot be empty.
Apr 02, 2026 10:10:51 AM tradelog.ui.Ui showError
WARNING: Error displayed to user: Command cannot be empty.
Apr 02, 2026 10:10:51 AM tradelog.ui.Ui showError
WARNING: Error displayed to user: Command cannot be empty.
Apr 02, 2026 10:10:51 AM tradelog.ui.Ui showError
WARNING: Error displayed to user: Command cannot be empty.
Apr 02, 2026 10:10:51 AM tradelog.ui.Ui showError
WARNING: Error displayed to user: Command cannot be empty.
Apr 02, 2026 10:10:51 AM tradelog.ui.Ui showError
WARNING: Error displayed to user: Command cannot be empty.
Apr 02, 2026 10:10:51 AM tradelog.ui.Ui showError
WARNING: Error displayed to user: Command cannot be empty.
Apr 02, 2026 10:10:51 AM tradelog.ui.Ui showError
WARNING: Error displayed to user: Command cannot be empty.
Apr 02, 2026 10:10:51 AM tradelog.ui.Ui showError
WARNING: Error displayed to user: Command cannot be empty.
Apr 02, 2026 10:10:51 AM tradelog.ui.Ui showError
WARNING: Error displayed to user: Command cannot be empty.
Apr 02, 2026 10:10:51 AM tradelog.ui.Ui showError
WARNING: Error displayed to user: Command cannot be empty.
Apr 02, 2026 10:10:51 AM tradelog.ui.Ui showError
WARNING: Error displayed to user: Command cannot be empty.
Apr 02, 2026 10:10:51 AM tradelog.ui.Ui showError
WARNING: Error displayed to user: Command cannot be empty.
Apr 02, 2026 10:10:51 AM tradelog.ui.Ui showError
WARNING: Error displayed to user: Command cannot be empty.
Apr 02, 2026 10:10:51 AM tradelog.ui.Ui showError
WARNING: Error displayed to user: Command cannot be empty.
Apr 02, 2026 10:10:51 AM tradelog.ui.Ui showError
WARNING: Error displayed to user: Command cannot be empty.
Apr 02, 2026 10:10:51 AM tradelog.ui.Ui showError
WARNING: Error displayed to user: Command cannot be empty.
Apr 02, 2026 10:10:51 AM tradelog.ui.Ui showError
WARNING: Error displayed to user: Command cannot be empty.
Apr 02, 2026 10:10:51 AM tradelog.ui.Ui showError
WARNING: Error displayed to user: Command cannot be empty.
Apr 02, 2026 10:10:51 AM tradelog.ui.Ui showError
WARNING: Error displayed to user: Command cannot be empty.
Apr 02, 2026 10:10:51 AM tradelog.ui.Ui showError
WARNING: Error displayed to user: Command cannot be empty.
Apr 02, 2026 10:10:51 AM tradelog.ui.Ui showError
WARNING: Error displayed to user: Command cannot be empty.
Apr 02, 2026 10:10:51 AM tradelog.ui.Ui showError
WARNING: Error displayed to user: Command cannot be empty.
Apr 02, 2026 10:10:51 AM tradelog.ui.Ui showError
WARNING: Error displayed to user: Command cannot be empty.
Apr 02, 2026 10:10:51 AM tradelog.ui.Ui showError
WARNING: Error displayed to user: Command cannot be empty.
Apr 02, 2026 10:10:51 AM tradelog.ui.Ui showError
WARNING: Error displayed to user: Command cannot be empty.
Apr 02, 2026 10:10:51 AM tradelog.ui.Ui showError
WARNING: Error displayed to user: Command cannot be empty.
Apr 02, 2026 10:10:51 AM tradelog.ui.Ui showError
WARNING: Error displayed to user: Command cannot be empty.
Apr 02, 2026 10:10:51 AM tradelog.ui.Ui showError
WARNING: Error displayed to user: Command cannot be empty.
Apr 02, 2026 10:10:51 AM tradelog.ui.Ui showError
WARNING: Error displayed to user: Command cannot be empty.
Apr 02, 2026 10:10:51 AM tradelog.ui.Ui showError
WARNING: Error displayed to user: Command cannot be empty.
Apr 02, 2026 10:10:51 AM tradelog.ui.Ui showError
WARNING: Error displayed to user: Command cannot be empty.
